PLINK v1.9.0-b.7.7 64-bit (22 Oct 2024)
Options in effect:
  --bfile HapMap_3_r3_3
  --make-bed
  --out HapMap_3_r3_4
  --remove sex_discrepancy.txt

Hostname: DESKTOP-5OCIJQC
Working directory: C:\Users\Sandra\Documents\GitHub\apuntes-bioinfo\Fundamentos_Secuenciacion\practicas\QualityControl_practice
Start time: Mon Dec 02 18:05:08 2024

Random number seed: 1733159108
7971 MB RAM detected; reserving 3985 MB for main workspace.
1430443 variants loaded from .bim file.
165 people (80 males, 85 females) loaded from .fam.
112 phenotype values loaded from .fam.
--remove: 164 people remaining.
Using 1 thread (no multithreaded calculations invoked).
Before main variant filters, 112 founders and 52 nonfounders present.
Calculating allele frequencies... done.
Warning: 179 het. haploid genotypes present (see HapMap_3_r3_4.hh ); many
commands treat these as missing.
Total genotyping rate in remaining samples is 0.99798.
1430443 variants and 164 people pass filters and QC.
Among remaining phenotypes, 56 are cases and 56 are controls.  (52 phenotypes
are missing.)
--make-bed to HapMap_3_r3_4.bed + HapMap_3_r3_4.bim + HapMap_3_r3_4.fam ...
done.

End time: Mon Dec 02 18:05:09 2024
