\BOOKMARK [0][-]{chapter.1}{Linux\040-\040Bash}{}% 1
\BOOKMARK [1][-]{section.1.1}{Tratamiento\040de\040ficheros\040y\040directorios}{chapter.1}% 2
\BOOKMARK [1][-]{section.1.2}{Mostrar\040contenidos\040en\040pantalla}{chapter.1}% 3
\BOOKMARK [1][-]{section.1.3}{Buscar\040contenidos\040de\040ficheros}{chapter.1}% 4
\BOOKMARK [1][-]{section.1.4}{Redireccionamientos\040y\040pipes}{chapter.1}% 5
\BOOKMARK [1][-]{section.1.5}{Wildcards\040y\040convenciones\040en\040nombres\040de\040archivo}{chapter.1}% 6
\BOOKMARK [1][-]{section.1.6}{Seguridad\040del\040sistema\040de\040archivos\040\(permisos\040de\040acceso}{chapter.1}% 7
\BOOKMARK [1][-]{section.1.7}{Procesos\040y\040trabajos}{chapter.1}% 8
\BOOKMARK [1][-]{section.1.8}{Otros\040comandos\040\372tiles\040de\040UNIX}{chapter.1}% 9
\BOOKMARK [1][-]{section.1.9}{Variables}{chapter.1}% 10
\BOOKMARK [1][-]{section.1.10}{Scripts}{chapter.1}% 11
\BOOKMARK [2][-]{subsection.1.10.1}{Variables\040especiales\040en\040scripts}{section.1.10}% 12
\BOOKMARK [0][-]{chapter.2}{Programaci\363n\040en\040Python}{}% 13
\BOOKMARK [1][-]{section.2.1}{Variables}{chapter.2}% 14
\BOOKMARK [1][-]{section.2.2}{Primeras\040nociones}{chapter.2}% 15
\BOOKMARK [1][-]{section.2.3}{Expresiones\040condicionales}{chapter.2}% 16
\BOOKMARK [2][-]{subsection.2.3.1}{Operadores\040condicionales}{section.2.3}% 17
\BOOKMARK [2][-]{subsection.2.3.2}{Operadores\040l\363gicos}{section.2.3}% 18
\BOOKMARK [1][-]{section.2.4}{Bucles\040o\040loops}{chapter.2}% 19
\BOOKMARK [2][-]{subsection.2.4.1}{For\040loops}{section.2.4}% 20
\BOOKMARK [2][-]{subsection.2.4.2}{While\040loops}{section.2.4}% 21
